<?xml version="1.0" encoding="UTF-8"?>
<!-- Generated by org.testng.reporters.JUnitXMLReporter -->
<testsuite ignored="0" hostname="Ranajoys-MacBook-Air.local" failures="1" tests="1" name="Surefire test" time="0.181" errors="0" timestamp="2026-04-05T18:26:26 IST">
  <testcase classname="io.cucumber.testng.AbstractTestNGCucumberTests" name="runScenario" time="0.02">
    <failure type="java.lang.NullPointerException" message="Cannot invoke &amp;quot;org.openqa.selenium.WebDriver.get(String)&amp;quot; because &amp;quot;this.driver&amp;quot; is null">
      <![CDATA[java.lang.NullPointerException: Cannot invoke "org.openqa.selenium.WebDriver.get(String)" because "this.driver" is null
at stepDefinitions.LoginTestSD.the_user_is_on_the_login_page(LoginTestSD.java:22)
at ✽.the user is on the login page "https://practicetestautomation.com/practice-test-login/"(file:///Users/ranajoydas/Projects/Automation/selenium-restassured-framework/src/test/resources/features/Login.feature:9)
]]>
    </failure>
  </testcase> <!-- runScenario -->
</testsuite> <!-- Surefire test -->
