<?xml version="1.0" encoding="UTF-8"?>
<testng-results ignored="0" total="1" passed="0" failed="1" skipped="0">
  <reporter-output>
  </reporter-output>
  <suite started-at="2026-04-05T18:26:26 IST" name="Surefire suite" finished-at="2026-04-05T18:26:26 IST" duration-ms="181">
    <groups>
      <group name="cucumber">
        <method signature="AbstractTestNGCucumberTests.runScenario(io.cucumber.testng.PickleWrapper,io.cucumber.testng.FeatureWrapper)[pri:0, instance:testRunners.LoginTestTR@1a0dcaa]" name="runScenario" class="io.cucumber.testng.AbstractTestNGCucumberTests"/>
      </group> <!-- cucumber -->
    </groups>
    <test started-at="2026-04-05T18:26:26 IST" name="Surefire test" finished-at="2026-04-05T18:26:26 IST" duration-ms="181">
      <class name="testRunners.LoginTestTR">
        <test-method is-config="true" signature="setUpClass(org.testng.ITestContext)[pri:0, instance:testRunners.LoginTestTR@1a0dcaa]" started-at="2026-04-05T18:26:26 IST" name="setUpClass" finished-at="2026-04-05T18:26:26 IST" duration-ms="134" status="PASS">
          <params>
            <param index="0">
              <value>
                <![CDATA[org.testng.TestRunner@2b491fee]]>
              </value>
            </param>
          </params>
          <reporter-output>
          </reporter-output>
        </test-method> <!-- setUpClass -->
        <test-method signature="runScenario(io.cucumber.testng.PickleWrapper,io.cucumber.testng.FeatureWrapper)[pri:0, instance:testRunners.LoginTestTR@1a0dcaa]" started-at="2026-04-05T18:26:26 IST" name="runScenario" description="Runs Cucumber Scenarios" data-provider="scenarios" finished-at="2026-04-05T18:26:26 IST" duration-ms="20" status="FAIL">
          <params>
            <param index="0">
              <value>
                <![CDATA["Successful and unsuccessful login"]]>
              </value>
            </param>
            <param index="1">
              <value>
                <![CDATA["Login Functionality"]]>
              </value>
            </param>
          </params>
          <exception class="java.lang.NullPointerException">
            <message>
              <![CDATA[Cannot invoke "org.openqa.selenium.WebDriver.get(String)" because "this.driver" is null]]>
            </message>
            <full-stacktrace>
              <![CDATA[java.lang.NullPointerException: Cannot invoke "org.openqa.selenium.WebDriver.get(String)" because "this.driver" is null
at stepDefinitions.LoginTestSD.the_user_is_on_the_login_page(LoginTestSD.java:22)
at ✽.the user is on the login page "https://practicetestautomation.com/practice-test-login/"(file:///Users/ranajoydas/Projects/Automation/selenium-restassured-framework/src/test/resources/features/Login.feature:9)
]]>
            </full-stacktrace>
          </exception> <!-- java.lang.NullPointerException -->
          <reporter-output>
          </reporter-output>
        </test-method> <!-- runScenario -->
        <test-method is-config="true" signature="tearDownClass()[pri:0, instance:testRunners.LoginTestTR@1a0dcaa]" started-at="2026-04-05T18:26:26 IST" name="tearDownClass" finished-at="2026-04-05T18:26:26 IST" duration-ms="15" status="PASS">
          <reporter-output>
          </reporter-output>
        </test-method> <!-- tearDownClass -->
      </class> <!-- testRunners.LoginTestTR -->
    </test> <!-- Surefire test -->
  </suite> <!-- Surefire suite -->
</testng-results>
