-------------------------------------------------------------------------------
Test set: testRunners.LoginTestTR
-------------------------------------------------------------------------------
Tests run: 1, Failures: 1, Errors: 0, Skipped: 0, Time elapsed: 0.299 s <<< FAILURE! -- in testRunners.LoginTestTR
testRunners.LoginTestTR.runScenario["Successful and unsuccessful login", "Login Functionality"](1) -- Time elapsed: 0.023 s <<< FAILURE!
java.lang.NullPointerException: Cannot invoke "org.openqa.selenium.WebDriver.get(String)" because "this.driver" is null
	at stepDefinitions.LoginTestSD.the_user_is_on_the_login_page(LoginTestSD.java:22)
	at ✽.the user is on the login page "https://practicetestautomation.com/practice-test-login/"(file:///Users/ranajoydas/Projects/Automation/selenium-restassured-framework/src/test/resources/features/Login.feature:9)

