<?xml version="1.0" encoding="UTF-8"?>
<testsuite xmlns:xsi="http://www.w3.org/2001/XMLSchema-instance" xsi:noNamespaceSchemaLocation="https://maven.apache.org/surefire/maven-surefire-plugin/xsd/surefire-test-report.xsd" version="3.0.1" name="testRunners.loginTestTR" time="0.098" tests="3" errors="0" skipped="0" failures="0">
  <properties>
[...]
</properties>
  <testcase name="Successful and unsuccessful login #1" classname="Login Functionality" time="0.023">
    <system-out><![CDATA[
Scenario Outline: Successful and unsuccessful login               # src/test/resources/features/LoginTest.feature:18
Inside step1
  Given the user is on the login page "https://example.com/login" # stepDefinations.LoginTestSD.the_user_is_on_the_login_page(java.lang.String)
Inside step2
  When the user enters username "admin"                           # stepDefinations.LoginTestSD.the_user_enters_username(java.lang.String)
Inside step3
  And the user enters password "admin123"                         # stepDefinations.LoginTestSD.the_user_enters_password(java.lang.String)
Inside step4
  And the user clicks the login button                            # stepDefinations.LoginTestSD.the_user_clicks_the_login_button()
Inside step5
  Then the user should be "logged in"                             # stepDefinations.LoginTestSD.the_user_should_be(java.lang.String)
]]></system-out>
  </testcase>
  <testcase name="Successful and unsuccessful login #2" classname="Login Functionality" time="0.003">
    <system-out><![CDATA[
Scenario Outline: Successful and unsuccessful login               # src/test/resources/features/LoginTest.feature:19
Inside step1
  Given the user is on the login page "https://example.com/login" # stepDefinations.LoginTestSD.the_user_is_on_the_login_page(java.lang.String)
Inside step2
  When the user enters username "user"                            # stepDefinations.LoginTestSD.the_user_enters_username(java.lang.String)
Inside step3
  And the user enters password "wrongpass"                        # stepDefinations.LoginTestSD.the_user_enters_password(java.lang.String)
Inside step4
  And the user clicks the login button                            # stepDefinations.LoginTestSD.the_user_clicks_the_login_button()
Inside step5
  Then the user should be "shown error"                           # stepDefinations.LoginTestSD.the_user_should_be(java.lang.String)
]]></system-out>
  </testcase>
  <testcase name="Successful and unsuccessful login #3" classname="Login Functionality" time="0.002">
    <system-out><![CDATA[
Scenario Outline: Successful and unsuccessful login               # src/test/resources/features/LoginTest.feature:20
Inside step1
  Given the user is on the login page "https://example.com/login" # stepDefinations.LoginTestSD.the_user_is_on_the_login_page(java.lang.String)
Inside step2
  When the user enters username "admin"                           # stepDefinations.LoginTestSD.the_user_enters_username(java.lang.String)
Inside step3
  And the user enters password ""                                 # stepDefinations.LoginTestSD.the_user_enters_password(java.lang.String)
Inside step4
  And the user clicks the login button                            # stepDefinations.LoginTestSD.the_user_clicks_the_login_button()
Inside step5
  Then the user should be "shown error"                           # stepDefinations.LoginTestSD.the_user_should_be(java.lang.String)
]]></system-out>
  </testcase>
</testsuite>