<?xml version="1.0" encoding="UTF-8"?>
<!-- Generated by org.testng.reporters.JUnitReportReporter -->
<testsuite hostname="Ranajoys-MacBook-Air.local" failures="0" tests="1" name="testRunners.LoginTestTR" time="0.020" errors="1" timestamp="2026-04-05T18:26:26 IST" skipped="0">
  <testcase classname="testRunners.LoginTestTR" name="runScenario" time="0.020">
    <error message="Cannot invoke &quot;org.openqa.selenium.WebDriver.get(String)&quot; because &quot;this.driver&quot; is null" type="java.lang.NullPointerException">
      <![CDATA[java.lang.NullPointerException: Cannot invoke "org.openqa.selenium.WebDriver.get(String)" because "this.driver" is null
at stepDefinitions.LoginTestSD.the_user_is_on_the_login_page(LoginTestSD.java:22)
at ✽.the user is on the login page "https://practicetestautomation.com/practice-test-login/"(file:///Users/ranajoydas/Projects/Automation/selenium-restassured-framework/src/test/resources/features/Login.feature:9)
]]>
    </error>
  </testcase> <!-- runScenario -->
</testsuite> <!-- testRunners.LoginTestTR -->
